

http://www.cypalleles.ki.se/cyp4a11.htm cyp4a11
CYP4A11*1	


http://www.cypalleles.ki.se/cyp5a1.htm cyp5a1
CYP5A1*1A	
CYP5A1*1B	360G>A
CYP5A1*1C	1425C>T
CYP5A1*1D	1727A>G
CYP5A1*2	182G>A
CYP5A1*3	483C>A
CYP5A1*4	737A>G
CYP5A1*5	1069C>G
CYP5A1*6	1249C>G
CYP5A1*7	1348G>A
CYP5A1*8	1352C>A
CYP5A1*9	1397G>A


http://www.cypalleles.ki.se/cyp2b6.htm cyp2b6
CYP2B6*1A	
CYP2B6*1B	
CYP2B6*1C	
CYP2B6*1D	
CYP2B6*1E	
CYP2B6*1F	
CYP2B6*1G	
CYP2B6*1H	
CYP2B6*1J	
CYP2B6*1K	
CYP2B6*1L	
CYP2B6*1M	
CYP2B6*1N	
CYP2B6*2A	64C>T
CYP2B6*2B	64C>T,216G>C
CYP2B6*3	777C>A
CYP2B6*4A	785A>G
CYP2B6*4B	785A>G
CYP2B6*4C	785A>G
CYP2B6*4D	785A>G
CYP2B6*5A	1459C>T
CYP2B6*5B	1459C>T
CYP2B6*5C	1459C>T
CYP2B6*6A	516G>T,785A>G
CYP2B6*6B	516G>T,785A>G
CYP2B6*6C	516G>T,785A>G
CYP2B6*7A	516G>T,785A>G,1459C>T
CYP2B6*7B	516G>T,785A>G,1459C>T
CYP2B6*8	415A>G
CYP2B6*9	516G>T
CYP2B6*10	62A>T,64C>T,216G>C
CYP2B6*11A	136A>G
CYP2B6*11B	136A>G
CYP2B6*12	296G>A
CYP2B6*13A	415A>G,516G>T,785A>G
CYP2B6*13B	415A>G,516G>T,785A>G
CYP2B6*14	419G>A
CYP2B6*15A	1172T>A
CYP2B6*15B	1172T>A
CYP2B6*16	785A>G,983T>C
CYP2B6*17A	76A>T,83A>G,85C>A,86G>C,3C>T
CYP2B6*17B	76A>T,83A>G,85C>A,86G>C
CYP2B6*18	983T>C
CYP2B6*19	516G>T,785A>G,1006C>T
CYP2B6*20	503C>T,516G>T,785A>G
CYP2B6*21	1282C>A
CYP2B6*22	
CYP2B6*23	1375A>G
CYP2B6*24	1427G>A
CYP2B6*25	1454A>T
CYP2B6*26	499C>G,516G>T,785A>G
CYP2B6*27	593T>C
CYP2B6*28	917C>G,1132C>T
CYP2B6*29	6A>G,42A>C,66C>T,76A>T,83A>G,85C>A,86G>C,123A>G,141T>C,264T>G,273G>C,305C>T,309G>C,310G>A,312C>G,319T>G,323T>A,326G>A,336T>C,337G>A,340A>C,393T>C,444G>C,468G>A,486G>A,493A>G,516G>T,547G>A,561A>C,593T>C,608A>G,614C>G,618T>C,620C>T,634G>A,638T>C,640G>A
CYP2B6*30	
CYP2B6*31	
CYP2B6*32	
CYP2B6*33	1459C>A
CYP2B6*34	516G>T,785A>G,1459C>A
CYP2B6*35	201G>A,264T>G,329G>T,341T>C,444G>T,465G>A,593T>C,835G>C
CYP2B6*36	516G>T,785A>G
CYP2B6*37	516G>T,548T>G,785A>G
CYP2B6*38	186T>A,516G>T,785A>G


http://www.cypalleles.ki.se/cyp2e1.htm cyp2e1
CYP2E1*1A	
CYP2E1*1B	9896C>G
CYP2E1*1C	
CYP2E1*1Cx2	
CYP2E1*1D	
CYP2E1*2	1132G>A
CYP2E1*3	10023G>A
CYP2E1*4	4768G>A
CYP2E1*5A	-1293G>C,-1053C>T,7632T>A
CYP2E1*5B	-1293G>C,-1053C>T
CYP2E1*6	7632T>A
CYP2E1*7A	-333T>A
CYP2E1*7B	-71G>T,-333T>A
CYP2E1*7C	-333T>A,-352A>G
CYP2E1*1A	
CYP2E1*1B	
CYP2E1*5B	
CYP2E1*6	


http://www.cypalleles.ki.se/cyp1a1.htm cyp1a1
CYP1A1*1	
CYP1A1*2A	3798T>C
CYP1A1*2B	2454A>G,3798T>C
CYP1A1*2C	2454A>G
CYP1A1*3	3204T>C
CYP1A1*4	2452C>A
CYP1A1*5	2460C>A
CYP1A1*6	1635G>T
CYP1A1*7	2345_2346insT
CYP1A1*8	2413T>A
CYP1A1*9	2460C>T
CYP1A1*10	2499C>T
CYP1A1*11	2545C>G
CYP1A1*12	184G>C
CYP1A1*13	134G>A
CYP1A1*1	
CYP1A1*2A	
CYP1A1*2C	
CYP1A1*3	
CYP1A1*4	


http://www.cypalleles.ki.se/cyp2j2.htm cyp2j2
CYP2J2*1	
CYP2J2*2	427A>G
CYP2J2*3	472C>T
CYP2J2*4	575T>A
CYP2J2*5	1024G>A
CYP2J2*6	1210A>T
CYP2J2*7	
CYP2J2*8	934G>A
CYP2J2*9	1052C>T
CYP2J2*10	344C>T


http://www.cypalleles.ki.se/cyp2c8.htm cyp2c8
CYP2C8*1A	
CYP2C8*1B	
CYP2C8*1C	
CYP2C8*2	805A>T
CYP2C8*3	416G>A,1196A>G
CYP2C8*4	792C>G
CYP2C8*5	475delA
CYP2C8*6	511G>A
CYP2C8*7	556C>T
CYP2C8*8	556C>G
CYP2C8*9	740A>G
CYP2C8*10	1149G>T
CYP2C8*11	820G>T
CYP2C8*12	1382_1384delTTG
CYP2C8*13	669T>G
CYP2C8*14	712G>C


http://www.cypalleles.ki.se/cyp2c19.htm cyp2c19
CYP2C19*1A	
CYP2C19*1B	99C>T,991A>G
CYP2C19*1C	991A>G
CYP2C19*2A	99C>T,681G>A,990C>T,991A>G
CYP2C19*2B	99C>T,276G>C,681G>A,990C>T,991A>G
CYP2C19*2C	99C>T,481G>C,681G>A,990C>T,991A>G
CYP2C19*2D	99C>T,681G>A,990C>T,991A>G,1213G>A
CYP2C19*2E	99C>T,681G>A,813G>A,990C>T,991A>G
CYP2C19*2F	99C>T,681G>A,990C>T,991A>G,1021G>A
CYP2C19*2G	99C>T,681G>A,990C>T,991A>G,1079A>T
CYP2C19*2H	99C>T,681G>A,990C>T,991A>G,1186C>G
CYP2C19*2J	9C>T,681G>A,990C>T,991A>G,1261A>C
CYP2C19*3A	636G>A,991A>G,1251A>C
CYP2C19*3B	636G>A,991A>G,1078G>A,1251A>C
CYP2C19*3C	407T>A,636G>A,991A>G,1251A>C
CYP2C19*4A	1A>G,99C>T,991A>G
CYP2C19*4B	1A>G,99C>T,991A>G
CYP2C19*5A	1297C>T
CYP2C19*5B	99C>T,991A>G,1297C>T
CYP2C19*6	99C>T,395G>A,991A>G
CYP2C19*7	
CYP2C19*8	358T>C
CYP2C19*9	99C>T,431G>A,991A>G
CYP2C19*10	99C>T,680C>T,991A>G
CYP2C19*11	99C>T,449G>A,991A>G
CYP2C19*12	99C>T,991A>G,1473A>C
CYP2C19*13	991A>G,1228C>T
CYP2C19*14	50T>C,99C>T,991A>G
CYP2C19*15	55A>C,991A>G
CYP2C19*16	1324C>T,681G>A
CYP2C19*17	99C>T,991A>G
CYP2C19*18	99C>T,986G>A,991A>G
CYP2C19*19	99C>T,151A>G,991A>G
CYP2C19*20	
CYP2C19*21	
CYP2C19*22	557G>C,991A>G
CYP2C19*23	99C>T,271G>C,991A>G
CYP2C19*24	99C>T,991A>G,1004G>A,1197A>G
CYP2C19*25	99C>T,991A>G,1344C>G
CYP2C19*26	99C>T,766G>A,991A>G
CYP2C19*27	991A>G
CYP2C19*28	55A>C,991A>G,1120G>A
CYP2C19*29	83A>T,99C>T,991A>G
CYP2C19*30	217C>T
CYP2C19*31	99C>T,232C>T,991A>G
CYP2C19*32	99C>T,296A>G,991A>G
CYP2C19*33	99C>T,562G>A,991A>G
CYP2C19*34	-13G>A,7C>T,10T>C
CYP2C19*35	99C>T,562G>A,991A>G


http://www.cypalleles.ki.se/cyp8a1.htm cyp8a1
CYP8A1*1A	1117C>A
CYP8A1*1B	
CYP8A1*1C	768G>A
CYP8A1*1D	
CYP8A1*1E	
CYP8A1*1F	
CYP8A1*1G	
CYP8A1*1H	
CYP8A1*1J	
CYP8A1*1K	
CYP8A1*1L	
CYP8A1*2	113C>T
CYP8A1*3	354T>A
CYP8A1*4	1135C>A


http://www.cypalleles.ki.se/cyp4b1.htm cyp4b1
CYP4B1*1	
CYP4B1*2A	881_882delAT,993G>A,1018C>T,1123C>T
CYP4B1*2B	881_882delAT,993G>A,1018C>T
CYP4B1*3	517C>T
CYP4B1*4	964A>G
CYP4B1*5	993G>A
CYP4B1*6	517C>T,1033G>A
CYP4B1*7	


http://www.cypalleles.ki.se/cyp3a7.htm cyp3a7
CYP3A7*1A	
CYP3A7*1B	-314C>T
CYP3A7*1C	-291G>T,-284T>A,-282T>C,-281A>T,-270T>G,-262T>A,-232A>C
CYP3A7*1D	-91G>A
CYP3A7*1E	-49G>A
CYP3A7*2	1226C>G
CYP3A7*3	141_142insT


http://www.cypalleles.ki.se/cyp3a5.htm cyp3a5
CYP3A5*1A	
CYP3A5*1B	-86G>A
CYP3A5*1C	-74C>T
CYP3A5*1D	31611C>T
CYP3A5*1E	17163G>T
CYP3A5*2	27289C>A
CYP3A5*3A	6986A>G,31611C>T
CYP3A5*3B	3705C>T,3709_3710insG,6986A>G,31611C>T
CYP3A5*3C	6986A>G
CYP3A5*3D	6986A>G,7249T>G
CYP3A5*3E	6986A>G,27050A>G,31611C>T
CYP3A5*3F	6986A>G,31551T>C,31611C>T
CYP3A5*3G	6986A>G,12952T>C,31611C>T
CYP3A5*3H	6986A>G,13108T>C,31611C>T
CYP3A5*3I	6986A>G,16903A>G,31611C>T
CYP3A5*3J	6986A>G,29782A>G,31611C>T
CYP3A5*3K	6986A>G,29753T>C,31611C>T
CYP3A5*3L	3775A>G,6986A>G
CYP3A5*4	14665A>G
CYP3A5*5	12952T>C
CYP3A5*6	14690G>A
CYP3A5*7	27131_27132insT
CYP3A5*8	3699C>T
CYP3A5*9	19386G>A,6986A>G
CYP3A5*10	
CYP3A5*11	


http://www.cypalleles.ki.se/cyp2S1.htm cyp2S1
CYP2S1*1A	
CYP2S1*1B	1300G>A
CYP2S1*1C	1324C>G
CYP2S1*1D	1324C>G,13255A>G
CYP2S1*1E	4624G>A
CYP2S1*1F	8032G>A
CYP2S1*1G	13116G>A
CYP2S1*1H	13255A>G
CYP2S1*2	10347C>T,13255A>G
CYP2S1*3	13106C>T,13255A>G
CYP2S1*4	1284G>A
CYP2S1*5A	5479T>G
CYP2S1*5B	1324C>G,5479T>G


http://www.cypalleles.ki.se/cyp2c9.htm cyp2c9
CYP2C9*1A	
CYP2C9*1B	
CYP2C9*1C	
CYP2C9*1D	
CYP2C9*2A	430C>T
CYP2C9*2B	430C>T
CYP2C9*2C	430C>T
CYP2C9*3A	1075A>C
CYP2C9*3B	1075A>C
CYP2C9*4	1076T>C
CYP2C9*5	1080C>G
CYP2C9*6	818delA
CYP2C9*7	55C>A
CYP2C9*8	449G>A
CYP2C9*9	752A>G
CYP2C9*10	815A>G
CYP2C9*11A	1003C>T
CYP2C9*11B	1003C>T
CYP2C9*12	1465C>T
CYP2C9*13	269T>C
CYP2C9*14	374G>A
CYP2C9*15	485C>A
CYP2C9*16	895A>G
CYP2C9*17	1144C>T
CYP2C9*18	1075A>C,1190A>C,1425A>T
CYP2C9*19	1362G>C
CYP2C9*20	208G>C
CYP2C9*21	89C>T
CYP2C9*22	121A>G
CYP2C9*23	226G>A
CYP2C9*24	1060G>A,430C>T
CYP2C9*25	353_362delAGAAATGGAA
CYP2C9*26	389C>G
CYP2C9*27	449G>T
CYP2C9*28	641A>T
CYP2C9*29	835C>A
CYP2C9*30	1429G>A
CYP2C9*31	980T>C
CYP2C9*32	1468G>T
CYP2C9*33	395G>A
CYP2C9*34	1004G>A
CYP2C9*35	374G>T,430C>T
CYP2C9*36	
CYP2C9*37	
CYP2C9*38	
CYP2C9*39	293G>T
CYP2C9*40	329T>C
CYP2C9*41	356A>G
CYP2C9*42	371G>A
CYP2C9*43	370C>T
CYP2C9*44	389C>T
CYP2C9*45	394C>T
CYP2C9*46	445G>A
CYP2C9*47	
CYP2C9*48	
CYP2C9*49	
CYP2C9*50	
CYP2C9*51	
CYP2C9*52	
CYP2C9*53	
CYP2C9*54	
CYP2C9*55	
CYP2C9*56	
CYP2C9*57	610A>C
CYP2C9*58	1009C>A
CYP2C9*59	1300A>T
CYP2C9*60	1400T>C


http://www.cypalleles.ki.se/cyp2f1.htm cyp2f1
CYP2F1*1	
CYP2F1*2A	-2041G>A,-2033delC,-1675G>A,14_15insC,96G>A,5773G>A,5921G>C,6584T>G,9322C>A
CYP2F1*2B	-2041G>A,-2033delC,-1675G>A,14_15insC,96G>A,5773G>A,5921G>C,6584T>G,9310C>T,9322C>A
CYP2F1*3	-2343A>G,-2244C>T,-1684G>A,96G>A,5455G>A,5457A>G,5460G>C,5773G>A,5921G>C,9322C>A,11887C>T
CYP2F1*4	96G>A,112T>C,174G>A,5773G>A,6584T>G
CYP2F1*5A	9324T>C
CYP2F1*5B	9324T>C
CYP2F1*6	388G>C


http://www.cypalleles.ki.se/cyp4a22.htm cyp4a22
CYP4A22*1	
CYP4A22*2	31C>T,454A>T,691T>C,969C>T
CYP4A22*3A	31C>T,454A>T,691T>C,900delG
CYP4A22*3B	31C>T,454A>T,900delG
CYP4A22*3C	454A>T,691T>C,900delG
CYP4A22*3D	454A>T,691T>C,900delG,1102C>T
CYP4A22*3E	454A>T,691T>C,900delG,1283T>C
CYP4A22*4	388G>A,454A>T,691T>C,969C>T
CYP4A22*5	454A>T,691T>C,969C>T
CYP4A22*6	454A>T,691T>C,1283T>C
CYP4A22*7	454A>T,691T>C,969C>T,1525C>T
CYP4A22*8	376C>T,454A>T,691T>C,827A>C
CYP4A22*9	376C>T,454A>T,691T>C,1283T>C
CYP4A22*10	388G>A,454A>T,553G>T,691T>C,1283T>C,1525C>T
CYP4A22*11	376C>T,454A>T,553G>T,691T>C,827A>C,1525C>T
CYP4A22*12A	376C>T,388G>A,454A>T,553G>T,691T>C,1283T>C
CYP4A22*12B	376C>T,388G>A,454A>T,553G>T,691T>C,1170A>C,1283T>C
CYP4A22*13A	376C>T,388G>A,454A>T,553G>T,691T>C,1283T>C,1525C>T
CYP4A22*13B	376C>T,388G>A,454A>T,553G>T,691T>C,1170A>C,1283T>C,1525C>T
CYP4A22*14	376C>T,388G>A,454A>T,553G>T,691T>C,827A>C,1525C>T
CYP4A22*15	376C>T,388G>A,454A>T,553G>T,691T>C,827A>C,1283T>C,1525C>T


http://www.cypalleles.ki.se/cyp2a6.htm cyp2a6
CYP2A6*1A	
CYP2A6*1A	
CYP2A6*1B1	
CYP2A6*1B2	
CYP2A6*1B3	
CYP2A6*1B4	
CYP2A6*1B5	
CYP2A6*1B6	
CYP2A6*1B7	
CYP2A6*1B8	
CYP2A6*1B9	
CYP2A6*1B10	
CYP2A6*1B11	
CYP2A6*1B12	51G>A
CYP2A6*1B13	22C>T,1545C>G
CYP2A6*1B14	51G>A,1636C>G
CYP2A6*1B15	1636C>G
CYP2A6*1B16	22C>T,1191T>C,1636C>G
CYP2A6*1B17	51G>A,1005C>T
CYP2A6*1C	
CYP2A6*1D	-1013A>G
CYP2A6*1E	
CYP2A6*1F	1224C>T
CYP2A6*1G	1224C>T
CYP2A6*1H	
CYP2A6*1J	
CYP2A6*1K	459G>A,657C>T
CYP2A6*1L	
CYP2A6*1X2A	
CYP2A6*1X2B	
CYP2A6*2	51G>A,479T>A
CYP2A6*3	
CYP2A6*4A	
CYP2A6*4B	
CYP2A6*4C	
CYP2A6*4D	
CYP2A6*4E	
CYP2A6*4F	
CYP2A6*4G	
CYP2A6*4H	
CYP2A6*5	1436G>T
CYP2A6*6	383G>A
CYP2A6*7	1412T>C
CYP2A6*8	1454G>T
CYP2A6*9A	
CYP2A6*9B	1547C>G
CYP2A6*10	1412T>C,1454G>T
CYP2A6*11	670T>C
CYP2A6*12A	
CYP2A6*12B	1547C>G
CYP2A6*12C	1547C>G
CYP2A6*13	13G>A
CYP2A6*14	51G>A,86G>A
CYP2A6*15	580A>G
CYP2A6*16	607C>A
CYP2A6*17	459G>A,1093G>A,1224C>T
CYP2A6*18A	1175A>T
CYP2A6*18B	51G>A,1175A>T,1191T>C,1209T>C
CYP2A6*18C	1175A>T,1546C>G
CYP2A6*19	1175A>T,1412T>C
CYP2A6*20	51G>A,587_588delAA,1191T>C,1546C>G
CYP2A6*21	51G>A,1427A>G
CYP2A6*22	51G>A,474C>G,478C>A
CYP2A6*23	607C>T
CYP2A6*24A	312A>G,328G>C,1312A>T
CYP2A6*24B	312A>G,328G>C,1312A>T
CYP2A6*25	22C>T,352T>C,1440T>C
CYP2A6*26	22C>T,352T>C,383G>T,390C>T,391T>G,1440T>C
CYP2A6*27	22C>T,352T>C,1440T>C
CYP2A6*28A	51G>A,1245C>T,1252A>G,1257G>C
CYP2A6*28B	51G>A,1245C>T,1252A>G,1257G>C
CYP2A6*29	
CYP2A6*30	
CYP2A6*31A	16A>C
CYP2A6*31B	16A>C,201C>T
CYP2A6*32	
CYP2A6*33	
CYP2A6*34	
CYP2A6*35A	1312A>T
CYP2A6*35B	22C>T,1312A>T
CYP2A6*36	22C>T,1312A>T,1412T>C
CYP2A6*37	22C>T,1312A>T,1412T>C,1454G>T
CYP2A6*38	1051T>C
CYP2A6*39	171C>A,202G>A,459G>A,1224C>T
CYP2A6*40	144G>A,447C>G,771C>T,1237C>T
CYP2A6*41	51G>A,241C>T,794G>A
CYP2A6*42	51G>A,803T>C,1191T>C
CYP2A6*43	908C>T
CYP2A6*44	51G>A,1168G>A,1245C>T,1252A>G,1257G>C
CYP2A6*45	51G>A,956G>A,1385T>C


http://www.cypalleles.ki.se/cyp21.htm cyp21a2
CYP21A2*1A	
CYP21A2*1B	
CYP21A2*2	27_28insCTG
CYP21A2*3	305G>A
CYP21A2*4	549C>G
CYP21A2*5	793G>C
CYP21A2*6	1478G>A
CYP21A2*7	
CYP21A2*8	89C>T
CYP21A2*9	
CYP21A2*10	329_336delGAGACTAC
CYP21A2*11	515T>A
CYP21A2*12	707T>A
CYP21A2*13	710T>A
CYP21A2*14	716T>A
CYP21A2*15	841G>T
CYP21A2*16	920_921insT
CYP21A2*17	952C>T
CYP21A2*18	1066C>T
CYP21A2*19	1357C>T
CYP21A2*20A	707T>A,710T>A,716T>A
CYP21A2*20B	-126C>T,-113G>A,-110T>C,-103A>G,89C>T,328_335delGAGACTAC
CYP21A2*20C	-126C>T,-113G>A,-110T>C,-103A>G,89C>T,328_335delGAGACTAC,515T>A,707T>A,710T>A,716T>A,841G>T,920_921insT
CYP21A2*20D	-126C>T,-113G>A,-110T>C,-103A>G
CYP21A2*20E	841G>T
CYP21A2*20F	515T>A,707T>A,710T>A,716T>A,841G>T,920_921insT
CYP21A2*20G	707T>A,710T>A,716T>A,841G>T
CYP21A2*20H	920_921insT,952C>T
CYP21A2*20J	952C>T,1066C>T
CYP21A2*20K	-126C>T,-113G>A,-110T>C,-103A>G,89C>T,328_335delGAGACTAC
CYP21A2*20L	515T>A,707T>A,710T>A,716T>A,841G>T,920_921insT,952C>T,1066C>T
CYP21A2*20M	515T>A,1357C>T
CYP21A2*20N	515T>A
CYP21A2*20P	841G>T,920_921insT
CYP21A2*20Q	841G>T,952C>T,1066C>T
CYP21A2*20R	-126C>T,-113G>A,-110T>C,-103A>G,89C>T
CYP21A2*20S	-126C>T,-113G>A,-110T>C,-103A>G,89C>T
CYP21A2*20T	707T>A,710T>A,716T>A,841G>T,952C>T
CYP21A2*20U	841G>T,920_921insT,952C>T,1066C>T
CYP21A2*20V	707T>A,710T>A,716T>A,841G>T,920_921insT,952C>T,1066C>T
CYP21A2*9	952C>T
CYP21A2*21	631G>C
CYP21A2*22	314C>T,1357C>T
CYP21A2*23	871G>A
CYP21A2*24	1016G>A,1357C>T
CYP21A2*25	1447_1448delGG
CYP21A2*26	
CYP21A2*27	1214G>A
CYP21A2*28	1448G>C
CYP21A2*29	1021C>T
CYP21A2*30	66G>A
CYP21A2*31	
CYP21A2*32	906G>A
CYP21A2*33	1067G>C
CYP21A2*34	1067G>A
CYP21A2*35	1140G>C
CYP21A2*36	291C>A
CYP21A2*37	505_506delTG
CYP21A2*38	587_589delAGG
CYP21A2*39	
CYP21A2*40	946C>T
CYP21A2*41	988_997delTCCAGCTCCC
CYP21A2*42	
CYP21A2*43	
CYP21A2*44	1426delT
CYP21A2*45	89C>A
CYP21A2*46	141delT
CYP21A2*47	191G>A
CYP21A2*48	784C>T
CYP21A2*49	1185C>T
CYP21A2*50	220A>T
CYP21A2*51	268G>T
CYP21A2*52	533G>C
CYP21A2*53	871G>T
CYP21A2*54	1061G>A
CYP21A2*55	1270G>A
CYP21A2*56	1270G>A
CYP21A2*57	842T>G
CYP21A2*58	898C>T
CYP21A2*59	1060C>T
CYP21A2*60	512T>A
CYP21A2*61	1444C>T
CYP21A2*62	82_83insC
CYP21A2*63	
CYP21A2*64	782T>C
CYP21A2*65	949C>A
CYP21A2*66	1088T>G
CYP21A2*67	1303C>T
CYP21A2*68	
CYP21A2*69	508_509insA
CYP21A2*70	737delA
CYP21A2*71	910G>A
CYP21A2*72	1123G>A
CYP21A2*73	1222C>T
CYP21A2*74	-126C>T,-113G>A,-110T>C,-103A>G,43G>A,89C>T
CYP21A2*75	89C>T,185A>T
CYP21A2*76	549delC
CYP21A2*77	871G>C
CYP21A2*78	902C>A
CYP21A2*79	1022G>C
CYP21A2*80	1128C>A
CYP21A2*81	1448G>A
CYP21A2*82	1277G>A
CYP21A2*83	3G>A
CYP21A2*84	371G>A
CYP21A2*85	56G>A
CYP21A2*86	1447_1448insC
CYP21A2*87	1447C>T
CYP21A2*88	636_637insT
CYP21A2*89	64_65insT
CYP21A2*90	682C>T
CYP21A2*91	185A>T
CYP21A2*92	847A>C
CYP21A2*93	
CYP21A2*94	230T>C
CYP21A2*95	1301C>T
CYP21A2*96	1051G>A
CYP21A2*97	126_127delC
CYP21A2*98	508_509insA
CYP21A2*99	1093C>T
CYP21A2*100	1436G>T
CYP21A2*101	920_921insT
CYP21A2*102	81_93delCACCTCCCGCCTC
CYP21A2*103	1442A>C,1444C>T
CYP21A2*104	943C>T
CYP21A2*105	707T>A,710T>A,716T>A,1330C>T
CYP21A2*106	1337T>C
CYP21A2*107	505T>C
CYP21A2*108	532G>A
CYP21A2*109	904T>C
CYP21A2*110	1276C>T
CYP21A2*111	416T>A
CYP21A2*112	439T>C
CYP21A2*113	697A>G
CYP21A2*114	884C>A
CYP21A2*115	922C>T
CYP21A2*116	1096C>T
CYP21A2*117	1419G>T
CYP21A2*118	497T>C
CYP21A2*119	1171G>A
CYP21A2*120	841G>C
CYP21A2*121	920delT
CYP21A2*122	949C>G
CYP21A2*123	82_94delCACCTCCCGCCTC
CYP21A2*124	1008C>G
CYP21A2*125	1291G>A
CYP21A2*126	
CYP21A2*127	478_479insA
CYP21A2*128	680_681insA
CYP21A2*129	1330C>T
CYP21A2*130	1388C>T
CYP21A2*131	135_136insC
CYP21A2*132	
CYP21A2*133	905G>C
CYP21A2*134	965A>G
CYP21A2*135	113A>T
CYP21A2*136	1211T>C
CYP21A2*137	1348A>C
CYP21A2*138	19_28delCTGCTGCTGC
CYP21A2*139	670C>T
CYP21A2*140	65G>A
CYP21A2*141	1A>G
CYP21A2*142	1A>C
CYP21A2*143	175T>A
CYP21A2*144	140A>G
CYP21A2*145	1376C>A
CYP21A2*146	841G>T,1058T>G
CYP21A2*147	794C>T
CYP21A2*148	1219G>A
CYP21A2*149	356A>G
CYP21A2*150	581T>A
CYP21A2*151	361A>C
CYP21A2*152	166G>A
CYP21A2*153	320T>G
CYP21A2*154	425T>C
CYP21A2*155	185A>T,1357C>T
CYP21A2*156	57G>A
CYP21A2*157	1378_1395delTCGCTGCAGCCCCTGCCC
CYP21A2*158	160A>T
CYP21A2*159	
CYP21A2*160	329_336delGAGACTAC,910G>A
CYP21A2*161	841G>T,920_921insT
CYP21A2*162	1161C>G
CYP21A2*163	1295C>T
CYP21A2*164	746T>C
CYP21A2*165	394C>T
CYP21A2*166	445C>T
CYP21A2*167	847A>G
CYP21A2*168	965A>G,1291G>A
CYP21A2*169	1409_1410delGG
CYP21A2*170	500T>C
CYP21A2*171	875G>A
CYP21A2*172	959G>A
CYP21A2*173	698G>A
CYP21A2*174	1105C>T
CYP21A2*175	689T>C
CYP21A2*176	689T>C,841G>T
CYP21A2*177	503C>A
CYP21A2*178	507C>A
CYP21A2*179	1375C>T
CYP21A2*180	1157C>G
CYP21A2*181	1223G>T


http://www.cypalleles.ki.se/cyp1b1.htm cyp1b1
CYP1B1*1	
CYP1B1*2	142C>G,355G>T
CYP1B1*3	4326C>G
CYP1B1*4	4390A>G
CYP1B1*5	142C>G,4326C>G
CYP1B1*6	142C>G,355G>T,4326C>G
CYP1B1*7	142C>G,355G>T,4326C>G,4360C>G
CYP1B1*8	4326C>G,4353G>C,4379C>T
CYP1B1*9	
CYP1B1*10	
CYP1B1*11	171G>C
CYP1B1*12	182G>A
CYP1B1*13	501_502insT
CYP1B1*14	841G>T
CYP1B1*15	863_864insC
CYP1B1*16	
CYP1B1*17	
CYP1B1*18	4125G>T
CYP1B1*19	4168C>T
CYP1B1*20	4191G>A
CYP1B1*21	4201G>A
CYP1B1*22	
CYP1B1*23	4342C>T
CYP1B1*24	4377delG
CYP1B1*25	4437C>T
CYP1B1*26	


http://www.cypalleles.ki.se/cyp2d6.htm cyp2d6
CYP2D6*1A	
CYP2D6*1B	3828G>A
CYP2D6*1C	1978C>T
CYP2D6*1D	2575C>A
CYP2D6*1E	1869T>C
CYP2D6*1XN	
CYP2D6*2A	-1584C>G,-1235A>G,-740C>T,-678G>A,1661G>C,2850C>T,4180G>C
CYP2D6*2B	1039C>T,1661G>C,2850C>T,4180G>C
CYP2D6*2C	1661G>C,2470T>C,2850C>T,4180G>C
CYP2D6*2D	2850C>T,4180G>C
CYP2D6*2E	997C>G,1661G>C,2850C>T,4180G>C
CYP2D6*2F	1661G>C,1724C>T,2850C>T,4180G>C
CYP2D6*2G	1661G>C,2470T>C,2575C>A,2850C>T,4180G>C
CYP2D6*2H	1661G>C,2480C>T,2850C>T,4180G>C
CYP2D6*2J	
CYP2D6*2K	1661G>C,2850C>T,4115C>T,4180G>C
CYP2D6*2L	-1298G>A,-1235A>G,-740C>T,310G>T,746C>G,843T>G,1513C>T,1661G>C,1757C>T,2850C>T,3384A>C,3584G>A,3790C>T,4180G>C
CYP2D6*2M	-750_-749delGA,-740C>T,-678G>A,310G>T,746C>G,843T>G,1661G>C,2850C>T,3384A>C,3584G>A,3790C>T,4180G>C,4481G>A
CYP2D6*2XN	1661G>C,2850C>T,4180G>C
CYP2D6*3A	2549delA
CYP2D6*3B	1749A>G,2549delA
CYP2D6*4A	100C>T,974C>A,984A>G,997C>G,1661G>C,1846G>A,4180G>C
CYP2D6*4B	100C>T,974C>A,984A>G,997C>G,1846G>A,4180G>C
CYP2D6*4C	100C>T,1661G>C,1846G>A,3887T>C,4180G>C
CYP2D6*4D	100C>T,1039C>T,1661G>C,1846G>A,4180G>C
CYP2D6*4E	100C>T,1661G>C,1846G>A,4180G>C
CYP2D6*4F	100C>T,974C>A,984A>G,997C>G,1661G>C,1846G>A,1858C>T,4180G>C
CYP2D6*4G	100C>T,974C>A,984A>G,997C>G,1661G>C,1846G>A,2938C>T,4180G>C
CYP2D6*4H	100C>T,974C>A,984A>G,997C>G,1661G>C,1846G>A,3877G>C,4180G>C
CYP2D6*4J	100C>T,974C>A,984A>G,997C>G,1661G>C,1846G>A
CYP2D6*4K	100C>T,1661G>C,1846G>A,2850C>T,4180G>C
CYP2D6*4L	100C>T,997C>G,1661G>C,1846G>A,4180G>C
CYP2D6*4M	-1235A>G,746C>G,843T>G,974C>A,984A>G,997C>G,1661G>C,1846G>A,2097A>G,3384A>C,3582A>G,4401C>T
CYP2D6*4N	-1426C>T,-1235A>G,-1000G>A,100C>T,310G>T,746C>G,843T>G,974C>A,984A>G,997C>G,1661G>C,1846G>A,2097A>G,3384A>C,3582A>G,4180G>C,4401C>T
CYP2D6*4P	-1426C>T,-1235A>G,-1000G>A,100C>T,310G>T,746C>G,843T>G,974C>A,984A>G,997C>G,1661G>C,1846G>A,2097A>G,2576C>T,3384A>C,3435C>A,3582A>G,4180G>C,4401C>T
CYP2D6*4X2	
CYP2D6*5	
CYP2D6*6A	1707delT
CYP2D6*6B	1707delT,1976G>A
CYP2D6*6C	1707delT,1976G>A,4180G>C
CYP2D6*6D	1707delT,3288G>A
CYP2D6*7	2935A>C
CYP2D6*8	1661G>C,1758G>T,2850C>T,4180G>C
CYP2D6*9	2615_2617delAAG
CYP2D6*9x2	2615_2617delAAG
CYP2D6*10A	100C>T,1661G>C,4180G>C
CYP2D6*10B	-1426C>T,-1235A>G,-1000G>A,100C>T,1039C>T,1661G>C,4180G>C
CYP2D6*10C	
CYP2D6*10D	100C>T,1039C>T,1661G>C,4180G>C
CYP2D6*10X2	
CYP2D6*11	883G>C,1661G>C,2850C>T,4180G>C
CYP2D6*11	
CYP2D6*12	124G>A,1661G>C,2850C>T,4180G>C
CYP2D6*13	
CYP2D6*14A	100C>T,1758G>A,2850C>T,4180G>C
CYP2D6*14B	1661G>C,1758G>A,2850C>T,4180G>C
CYP2D6*15	137_138insT
CYP2D6*16	
CYP2D6*17	1023C>T,1661G>C,2850C>T,4180G>C
CYP2D6*17XN	
CYP2D6*18	
CYP2D6*19	1661G>C,2539_2542delAACT,2850C>T,4180G>C
CYP2D6*20	1661G>C,1973_1974insG,1978C>T,1979T>C,2850C>T,4180G>C
CYP2D6*21A	-1584C>G,-1426C>T,-1235A>G,-740C>T,-678G>A,-629A>G,221C>A,223C>G,227T>C,310G>T,601delC,1661G>C,2850C>T,3584G>A,4180G>C
CYP2D6*21B	-1584C>G,-1235A>G,-740C>T,-678G>A,1661G>C,73_2574insC,2850C>T,4180G>C
CYP2D6*22	82C>T
CYP2D6*23	957C>T
CYP2D6*24	2853A>C
CYP2D6*25	3198C>G
CYP2D6*26	3277T>C
CYP2D6*27	3853G>A
CYP2D6*28	19G>A,1661G>C,1704C>G,2850C>T,4180G>C
CYP2D6*29	1659G>A,1661G>C,2850C>T,3183G>A,4180G>C
CYP2D6*30	1661G>C,1863_1864insTTTCGCCCC,2850C>T,4180G>C
CYP2D6*31	-1770G>A,-1584C>G,-1235A>G,-740C>T,-678G>A,310G>T,746C>G,843T>G,1661G>C,2850C>T,3384A>C,3584G>A,3790C>T,4042G>A,4180G>C,4481G>A
CYP2D6*32	1661G>C,2850C>T,3853G>A,4180G>C
CYP2D6*33	2483G>T
CYP2D6*34	2850C>T
CYP2D6*35A	-1584C>G,31G>A,1661G>C,2850C>T,4180G>C
CYP2D6*35B	-1770G>A,-1584C>G,-1235A>G,-740C>T,-678G>A,-138A>G,31G>A,310G>T,746C>G,843T>G,1661G>C,2850C>T,3384A>C,3584G>A,3790C>T,4180G>C,4481G>A
CYP2D6*35X2	31G>A,1661G>C,2850C>T,4180G>C
CYP2D6*36	-1426C>T,-1235A>G,-1000G>A,100C>T,1039C>T,1661G>C,4180G>C
CYP2D6*36	-1426C>T,-1235A>G,-1000G>A,100C>T,310G>T,843T>G,1039C>T,1661G>C,2097A>G,3384A>C,3582A>G,4180G>C
CYP2D6*37	100C>T,1039C>T,1661G>C,1943G>A,4180G>C
CYP2D6*38	2587_2590delGACT
CYP2D6*39	1661G>C,4180G>C
CYP2D6*40	1023C>T,1661G>C,1863_1864insTTTCGCCCC,2850C>T,4180G>C
CYP2D6*41	-1235A>G,-740C>T,-678G>A,1661G>C,2850C>T,2988G>A,4180G>C
CYP2D6*42	1661G>C,2850C>T,3259_3260insGT,4180G>C
CYP2D6*43	77G>A
CYP2D6*44	82C>T,2950G>C
CYP2D6*45A	-1094_-1093insA,-1011T>C,310G>T,746C>G,843T>G,61G>C,1716G>A,2129A>C,2575C>A,2661G>A,2850C>T,3254T>C,3384A>C,3584G>A,3790C>T,4180G>C
CYP2D6*45B	-1543G>A,-1298G>A,-1235A>G,-1094_-1093insA,-740C>T,-695_-692delTGTG,310G>T,746C>G,843T>G,1661G>C,1716G>A,2575C>A,2661G>A,2850C>T,3254T>C,3384A>C,3584G>A,3790C>T,4180G>C
CYP2D6*46	-1543G>A,-1298G>A,-1235A>G,-740C>T,77G>A,310G>T,746C>G,843T>G,1661G>C,1716G>A,2575C>A,2661G>A,2850C>T,3030G>G,3254T>C,3384A>C,3491G>A,3584G>A,3790C>T,4180G>C
CYP2D6*47	-1426C>T,-1235A>G,-1000G>A,100C>T,1039C>T,1661G>C,4180G>C
CYP2D6*48	972C>T
CYP2D6*49	-1426C>T,-1235A>G,-1000G>A,100C>T,1039C>T,1611T>A,1661G>C,4180G>C
CYP2D6*50	1720A>C
CYP2D6*51	-1584C>G,-1235A>G,-740C>T,-678G>A,1661G>C,2850C>T,3172A>C,4180G>C
CYP2D6*52	-1426C>T,-1235A>G,-1000G>A,100C>T,1039C>T,1661G>C,3877G>A,4180G>C,4401C>T
CYP2D6*53	1598A>G,1611T>A,1617G>T
CYP2D6*54	100C>T,1039C>T,1661G>C,2556C>T,4180G>C
CYP2D6*55	1661G>C,2850C>T,3790C>T,3835A>C,4180G>C
CYP2D6*56A	-1584C>G,-1235A>G,-740C>T,-678G>A,1661G>C,2850C>T,3201C>T,3384A>C,3584G>A,3790C>T,4180G>C
CYP2D6*56B	-1426C>T,-1235A>G,-1000G>A,100C>T,310G>T,843T>G,1039C>T,1661G>C,2097A>G,3201C>T,3384A>C,3582A>G,4180G>C
CYP2D6*57	100C>T,310G>T,843T>G,887C>T,1039C>T,1661G>C,3384A>C,3582A>G,4180G>C
CYP2D6*58	-1426C>T,1235A>G,-740C>T,310G>T,843T>G,1023C>T,1661G>C,1863_1864insTTTCGCCCC,2850C>T,3384A>C,3584G>A,3790C>T,4180G>C
CYP2D6*59	1661G>C,2291G>A,2850C>T,2939G>A,4180G>C
CYP2D6*60	1887insTA,2303C>T
CYP2D6*61	3384A>C
CYP2D6*62	4044C>T
CYP2D6*63	-1584C>G,-1235A>G,-740C>T,-678G>A,310G>T,746C>G,843T>G,1661G>C,2850C>T,3384A>C,3584G>A,3790C>T
CYP2D6*64	-1426C>T,-1235A>G,-1000G>A,100C>T,310G>T,843T>G,1023C>T,1661G>C,2097A>G,3384A>C,3582A>G,4180G>C,4401C>T
CYP2D6*65	100C>T,310G>T,843T>G,1661G>C,2850C>T,3384A>C,3584G>A,3790C>T,4180G>C,4481G>A
CYP2D6*66	
CYP2D6*67	
CYP2D6*68A	-1426C>T,-1235A>G,-1000G>A,100C>T,310G>T
CYP2D6*68B	
CYP2D6*69	-1426C>T,-1235A>G,-1000G>A,100C>T,310G>T,746C>G,843T>G,1062A>G,1661G>C,2850C>T,2988G>A,3384A>C,3584G>A,3790C>T,4180G>C,4401C>T,4481G>A
CYP2D6*70	-176G>A,310G>T,843T>G,1608G>A,1659G>A,1661G>C,3183G>A,3384A>C,4180G>C
CYP2D6*71	-1584C>G,125G>A
CYP2D6*72	-1426C>T,-1235A>G,-1000G>A,100C>T,310G>T,843T>G,1039C>T,1661G>C,2097A>G,3318G>A,3384A>C,3582A>G,4180G>C,4401C>T
CYP2D6*73	-740C>T,310G>T,746C>G,843T>G,1013G>A,1661G>C,2850C>T,3384A>C,3584G>A,3790C>T,4180G>C,4535insT
CYP2D6*74	974C>A,3609G>T
CYP2D6*75	4045G>A
CYP2D6*76	
CYP2D6*77	
CYP2D6*78	
CYP2D6*79	
CYP2D6*80	
CYP2D6*81	2579C>T,2606G>A,2610T>A
CYP2D6*82	974C>A,984A>G,997C>G,1014T>C,1022A>T,1023C>A,1028A>G,1036T>C
CYP2D6*83	843T>G,4180G>C
CYP2D6*84	-1740C>T,-1235A>G,-740C>T,-678A>G,18G>A,310G>T,746C>G,843T>G,1661G>C,2574C>A,2850C>T,3384A>C,3491G>A,3584G>A,3790C>T,4180G>C,4481G>A
CYP2D6*85	-1740C>T,-1298G>A,-1235A>G,-740C>T,102A>G,310G>T,607G>A,746C>G,843T>G,1513C>T,1661G>C,2308G>A,2850C>T,3384A>C,3584G>A,3790C>T,4157T>G,4180G>C
CYP2D6*86	2606G>A,2610T>A
CYP2D6*87	14C>T,100C>T,310G>T,843T>G,1039C>T,1661G>C,4180G>C
CYP2D6*88	746C>G,843T>G,1014T>C,1661G>C,3384A>C,3584G>A,4180G>C
CYP2D6*89	1678T>C
CYP2D6*90	1693A>G
CYP2D6*91	1735G>C,2850C>T,2988G>A
CYP2D6*92	1995delC
CYP2D6*93	2519A>C
CYP2D6*94A	100C>T,310G>T,843T>G,1039C>T,1661G>C,3181A>G,4180G>C
CYP2D6*94B	100C>T,843T>G,1039C>T,1661G>C,3181A>G,3384A>C,4180G>C
CYP2D6*95	100C>T,843T>G,1039C>T,1661G>C,3334G>A,3384A>C,4180G>C
CYP2D6*96	3895C>T
CYP2D6*97	4094C>A
CYP2D6*98	746C>G,843T>G,1661G>C,2850C>T,3384A>C,3584G>A,3790C>T,4110C>G,4180G>C
CYP2D6*99	
CYP2D6*100	-1426C>T,-1235A>G,-1109C>T,-1000G>A,100C>T,310G>T,843T>G,1039C>T,1661G>C,2097A>G,2828delC,3384A>C,3582A>G,4180G>C,4401C>T
CYP2D6*101	-1426C>T,-1235A>G,-1000G>A,100C>T,310G>T,843T>G,1039C>T,1661G>C,2097A>G,2927_2945delGATCCTACATCCGGATGTG,3384A>C,3582A>G,4180G>C,4401C>T
CYP2D6*102	310G>T,972C>T,1661G>C,2850C>T,3384A>C,3790C>T,4180G>C,4481G>A
CYP2D6*103	310G>T,972C>T,1661G>C,1749A>G,2850C>T,3384A>C,3790C>T,4180G>C,4481G>A
CYP2D6*104	310G>T,843T>G,1661G>C,1720A>T,2850C>T,3384A>C,3790C>T,4180G>C,4481G>A
CYP2D6*105	310G>T,746C>G,843T>G,1661G>C,2850C>T,3268T>C,3384A>C,3790C>T,4180G>C,4481G>A
CYP2D6*106	
CYP2D6*107	1659G>A
CYP2D6*108	3226A>G,3235A>G
CYP2D6*109	-960G>C,2615_2617delAAG,3183G>A


http://www.cypalleles.ki.se/cyp26a1.htm cyp26a1
CYP26A1*1	
CYP26A1*2	517C>A
CYP26A1*3	558C>A
CYP26A1*4	1072T>C


http://www.cypalleles.ki.se/cyp2r1.htm cyp2r1
CYP2R1*1	
CYP2R1*2	296T>C


http://www.cypalleles.ki.se/cyp3a4.htm cyp3a4
CYP3A4*1A	
CYP3A4*1B	
CYP3A4*1C	
CYP3A4*1D	
CYP3A4*1E	
CYP3A4*1F	
CYP3A4*1G	
CYP3A4*1H	
CYP3A4*1J	
CYP3A4*1K	
CYP3A4*1L	
CYP3A4*1M	
CYP3A4*1N	
CYP3A4*1P	
CYP3A4*1Q	
CYP3A4*1R	
CYP3A4*1S	
CYP3A4*1T	
CYP3A4*2	664T>C
CYP3A4*3	1334T>C
CYP3A4*4	352A>G
CYP3A4*5	653C>G
CYP3A4*6	830_831insA
CYP3A4*7	167G>A
CYP3A4*8	389G>A
CYP3A4*9	508G>A
CYP3A4*10	520G>C
CYP3A4*11	1088C>T
CYP3A4*12	1117C>T
CYP3A4*13	1247C>T
CYP3A4*14	44T>C
CYP3A4*15A	485G>A
CYP3A4*15B	485G>A
CYP3A4*16A	554C>G
CYP3A4*16B	554C>G
CYP3A4*17	566T>C
CYP3A4*18A	878T>C
CYP3A4*18B	878T>C
CYP3A4*19	1399C>T
CYP3A4*20	1461_1462insA
CYP3A4*21	956A>G
CYP3A4*22	
CYP3A4*23	484C>T
CYP3A4*24	600A>T
CYP3A4*25	
CYP3A4*26	802C>T


http://www.cypalleles.ki.se/cyp1a2.htm cyp1a2
CYP1A2*1A	
CYP1A2*1B	5347T>C
CYP1A2*1C	-3860G>A
CYP1A2*1D	-2467delT
CYP1A2*1E	-739T>G
CYP1A2*1F	-163C>A
CYP1A2*1G	-739T>G,5347T>C
CYP1A2*1H	2025A>C,5347T>C
CYP1A2*1J	-739T>G,-163C>A
CYP1A2*1K	-739T>G,-729C>T,-163C>A
CYP1A2*1L	-3860G>A,-2467delT,-163C>A,5347T>C
CYP1A2*1M	-163C>A,2159G>A
CYP1A2*1N	-3594T>G,-2467delT,-163C>A,2321G>C,5521A>G,5347T>C
CYP1A2*1P	-3594T>G,-2467delT,-733G>C,-163C>A,2321G>C,5521A>G,5347T>C
CYP1A2*1Q	-2808A>C,-163C>A,2159G>A
CYP1A2*1R	-3594T>G,-2467delT,-367C>T,-163C>A,2321G>C,5521A>G,5347T>C
CYP1A2*1S	-3053A>G,5347T>C
CYP1A2*1T	-2667T>G,5347T>C
CYP1A2*1U	678C>T,5347T>C
CYP1A2*1V	-2467delT,-163C>A
CYP1A2*1W	-3113A>G,-2467delT,-739T>G,-163C>A
CYP1A2*2	63C>G
CYP1A2*3	2116G>A,5347T>C
CYP1A2*4	2499A>T
CYP1A2*5	3496G>A
CYP1A2*6	5090C>T
CYP1A2*7	3533G>A
CYP1A2*8	5166G>A,5347T>C
CYP1A2*9	248C>T
CYP1A2*10	502G>C
CYP1A2*11	558C>A
CYP1A2*12	634A>T
CYP1A2*13	1514G>A
CYP1A2*14	5112C>T
CYP1A2*15	125C>G,5347T>C
CYP1A2*16	2473G>A,5347T>C
CYP1A2*17	-163C>A,2159G>A,3463C>T,5347T>C
CYP1A2*18	3468A>C,5347T>C
CYP1A2*19	5328G>A,5347T>C
CYP1A2*20	5105G>A,5347T>C
CYP1A2*21	-163C>A,1513C>A,5284C>A,5347T>C


http://www.cypalleles.ki.se/cyp2w1.htm cyp2w1
CYP2W1*1A	
CYP2W1*1B	166C>T
CYP2W1*2	166C>T,541G>A
CYP2W1*3	166C>T,173A>C
CYP2W1*4	1294G>A
CYP2W1*5	1294G>A,1446G>C
CYP2W1*6	1463C>T


http://www.cypalleles.ki.se/cyp4f2.htm cyp4f2
CYP4F2*1	
CYP4F2*2	34T>G
CYP4F2*3	1297G>A


http://www.cypalleles.ki.se/cyp3a43.htm cyp3a43
CYP3A43*1A	
CYP3A43*1B	33518C>T
CYP3A43*2A	8340delA
CYP3A43*2B	8340delA,31867C>G
CYP3A43*3	31867C>G


http://www.cypalleles.ki.se/cyp19a1.htm cyp19a1
CYP19A1*1	
CYP19A1*2	115T>C
CYP19A1*3	20538C>T
CYP19A1*4	27142C>T
CYP19A1*5	30421T>C


http://www.cypalleles.ki.se/cyp2a13.htm cyp2a13
CYP2A13*1A	
CYP2A13*1B	-12C>A
CYP2A13*1C	187T>C
CYP2A13*1D	1757A>G
CYP2A13*1E	1894G>T
CYP2A13*1F	6461T>A
CYP2A13*1G	7571G>C
CYP2A13*1H	-1479T>C,-1240A>G,-411G>A,1757A>G,2366C>T,6424C>T,6432C>T,7233T>G,7520C>G
CYP2A13*1J	523C>T
CYP2A13*1K	1991C>A
CYP2A13*1L	7365T>C
CYP2A13*2A	-1479T>C,-1429A>G,-1240A>G,-411G>A,74G>A,1757A>G,2211T>C,3375C>T
CYP2A13*2B	-1479T>C,-1429A>G,-1240A>G,-411G>A,74G>A,1757A>G,2211T>C,3375C>T,6424C>T,6432C>T,7233T>G,7571G>C
CYP2A13*3	-1479T>C,-729C>T,-411G>A,1634_1635insACC,1706C>G,1757A>G,1801G>C,1970A>C,2211T>C,5530T>C,5578A>C,6424C>T,7233T>G,7520C>G
CYP2A13*4	579G>A
CYP2A13*5	7343T>A
CYP2A13*6	7465C>T
CYP2A13*7	578C>T
CYP2A13*8	1706C>G
CYP2A13*9	5294G>T
CYP2A13*10	74G>A,3375C>T,5792T>C
